{"/Users/mac/Microverse/REACT/TEAM-PROJECTS/Math-macicians/src/components/calculator.js": {"path":"/Users/mac/Microverse/REACT/TEAM-PROJECTS/Math-macicians/src/components/calculator.js","statementMap":{"0":{"start":{"line":5,"column":19},"end":{"line":53,"column":1}},"1":{"start":{"line":6,"column":28},"end":{"line":10,"column":4}},"2":{"start":{"line":11,"column":37},"end":{"line":11,"column":42}},"3":{"start":{"line":13,"column":23},"end":{"line":16,"column":3}},"4":{"start":{"line":14,"column":17},"end":{"line":14,"column":55}},"5":{"start":{"line":15,"column":4},"end":{"line":15,"column":19}},"6":{"start":{"line":18,"column":2},"end":{"line":52,"column":4}}},"fnMap":{"0":{"name":"(anonymous_0)","decl":{"start":{"line":5,"column":19},"end":{"line":5,"column":20}},"loc":{"start":{"line":5,"column":25},"end":{"line":53,"column":1}},"line":5},"1":{"name":"(anonymous_1)","decl":{"start":{"line":13,"column":23},"end":{"line":13,"column":24}},"loc":{"start":{"line":13,"column":30},"end":{"line":16,"column":3}},"line":13}},"branchMap":{"0":{"loc":{"start":{"line":25,"column":15},"end":{"line":25,"column":84}},"type":"cond-expr","locations":[{"start":{"line":25,"column":31},"end":{"line":25,"column":80}},{"start":{"line":25,"column":83},"end":{"line":25,"column":84}}],"line":25},"1":{"loc":{"start":{"line":25,"column":15},"end":{"line":25,"column":28}},"type":"binary-expr","locations":[{"start":{"line":25,"column":15},"end":{"line":25,"column":20}},{"start":{"line":25,"column":24},"end":{"line":25,"column":28}}],"line":25},"2":{"loc":{"start":{"line":25,"column":34},"end":{"line":25,"column":45}},"type":"binary-expr","locations":[{"start":{"line":25,"column":34},"end":{"line":25,"column":39}},{"start":{"line":25,"column":43},"end":{"line":25,"column":45}}],"line":25},"3":{"loc":{"start":{"line":25,"column":49},"end":{"line":25,"column":64}},"type":"binary-expr","locations":[{"start":{"line":25,"column":49},"end":{"line":25,"column":58}},{"start":{"line":25,"column":62},"end":{"line":25,"column":64}}],"line":25},"4":{"loc":{"start":{"line":25,"column":68},"end":{"line":25,"column":78}},"type":"binary-expr","locations":[{"start":{"line":25,"column":68},"end":{"line":25,"column":72}},{"start":{"line":25,"column":76},"end":{"line":25,"column":78}}],"line":25}},"s":{"0":1,"1":18,"2":18,"3":18,"4":13,"5":13,"6":18},"f":{"0":18,"1":13},"b":{"0":[12,6],"1":[18,13],"2":[12,7],"3":[12,8],"4":[12,3]},"_coverageSchema":"1a1c01bbd47fc00a2c39e90264f33305004495a9","hash":"601af5b780accc70ca9c7831d70de80065990315"}
}
