TN:
SF:src\Quote.js
FN:2,(anonymous_0)
FNF:1
FNH:1
FNDA:1,(anonymous_0)
DA:1,1
DA:2,1
DA:3,1
LF:3
LH:3
BRF:0
BRH:0
end_of_record
TN:
SF:src\logic\calculate.js
FN:3,isNumber
FN:16,calculate
FNF:2
FNH:2
FNDA:7,isNumber
FNDA:8,calculate
DA:4,7
DA:17,8
DA:18,1
DA:25,7
DA:26,1
DA:27,0
DA:30,1
DA:31,0
DA:32,0
DA:34,0
DA:37,1
DA:38,0
DA:43,1
DA:49,6
DA:50,0
DA:51,0
DA:52,0
DA:54,0
DA:56,0
DA:57,0
DA:59,0
DA:60,0
DA:61,0
DA:63,0
DA:65,0
DA:68,6
DA:69,5
DA:70,5
DA:77,0
DA:80,1
DA:81,1
DA:82,1
DA:84,0
DA:85,0
DA:87,0
DA:99,0
DA:100,0
DA:104,0
DA:105,0
DA:106,0
DA:109,0
DA:119,0
DA:120,0
DA:124,0
LF:44
LH:15
BRDA:17,0,0,1
BRDA:17,0,1,7
BRDA:25,1,0,1
BRDA:25,1,1,6
BRDA:26,2,0,0
BRDA:26,2,1,1
BRDA:26,3,0,1
BRDA:26,3,1,1
BRDA:30,4,0,0
BRDA:30,4,1,1
BRDA:31,5,0,0
BRDA:31,5,1,0
BRDA:37,6,0,0
BRDA:37,6,1,1
BRDA:49,7,0,0
BRDA:49,7,1,6
BRDA:50,8,0,0
BRDA:50,8,1,0
BRDA:51,9,0,0
BRDA:51,9,1,0
BRDA:56,10,0,0
BRDA:56,10,1,0
BRDA:59,11,0,0
BRDA:59,11,1,0
BRDA:60,12,0,0
BRDA:60,12,1,0
BRDA:68,13,0,5
BRDA:68,13,1,1
BRDA:69,14,0,5
BRDA:69,14,1,0
BRDA:69,15,0,5
BRDA:69,15,1,5
BRDA:80,16,0,1
BRDA:80,16,1,0
BRDA:81,17,0,1
BRDA:81,17,1,0
BRDA:84,18,0,0
BRDA:84,18,1,0
BRDA:99,19,0,0
BRDA:99,19,1,0
BRDA:99,20,0,0
BRDA:99,20,1,0
BRDA:99,20,2,0
BRDA:104,21,0,0
BRDA:104,21,1,0
BRDA:105,22,0,0
BRDA:105,22,1,0
BRDA:105,23,0,0
BRDA:105,23,1,0
BRDA:119,24,0,0
BRDA:119,24,1,0
BRF:51
BRH:17
end_of_record
TN:
SF:src\logic\operate.js
FN:3,operate
FNF:1
FNH:1
FNDA:14,operate
DA:4,14
DA:5,14
DA:6,14
DA:7,3
DA:9,11
DA:10,2
DA:12,9
DA:13,2
DA:15,7
DA:16,3
DA:17,3
DA:19,1
DA:22,4
DA:23,3
DA:24,3
DA:26,1
DA:29,1
LF:17
LH:17
BRDA:6,0,0,3
BRDA:6,0,1,11
BRDA:9,1,0,2
BRDA:9,1,1,9
BRDA:12,2,0,2
BRDA:12,2,1,7
BRDA:15,3,0,3
BRDA:15,3,1,4
BRDA:22,4,0,3
BRDA:22,4,1,1
BRF:10
BRH:10
end_of_record
